\BOOKMARK [1][-]{section.1}{Progettazione Concettuale}{}% 1
\BOOKMARK [2][-]{subsection.1.1}{Abstract}{section.1}% 2
\BOOKMARK [2][-]{subsection.1.2}{Raccolta e analisi dei requisiti}{section.1}% 3
\BOOKMARK [3][-]{subsubsection.1.2.1}{Analisi dei requisiti}{subsection.1.2}% 4
\BOOKMARK [3][-]{subsubsection.1.2.2}{Glossario dei termini}{subsection.1.2}% 5
\BOOKMARK [2][-]{subsection.1.3}{Studio di fattibilit\340}{section.1}% 6
\BOOKMARK [2][-]{subsection.1.4}{Schema Concettuale}{section.1}% 7
\BOOKMARK [3][-]{subsubsection.1.4.1}{Lista delle Entit\340}{subsection.1.4}% 8
\BOOKMARK [3][-]{subsubsection.1.4.2}{Lista delle Relazioni}{subsection.1.4}% 9
\BOOKMARK [2][-]{subsection.1.5}{Schema E-R \(prima della ristrutturazione\)}{section.1}% 10
\BOOKMARK [1][-]{section.2}{Progettazione Logica}{}% 11
\BOOKMARK [2][-]{subsection.2.1}{Ristrutturazione}{section.2}% 12
\BOOKMARK [3][-]{subsubsection.2.1.1}{Scelte di ristrutturazione}{subsection.2.1}% 13
\BOOKMARK [3][-]{subsubsection.2.1.2}{Scelta chiavi primarie}{subsection.2.1}% 14
\BOOKMARK [3][-]{subsubsection.2.1.3}{Lista delle Entit\340}{subsection.2.1}% 15
\BOOKMARK [3][-]{subsubsection.2.1.4}{Modello Relazionale}{subsection.2.1}% 16
\BOOKMARK [2][-]{subsection.2.2}{Schema E-R \(dopo la ristrutturazione\)}{section.2}% 17
\BOOKMARK [1][-]{section.3}{Implementazione codice}{}% 18
\BOOKMARK [2][-]{subsubsection.3.0.1}{Create Table}{section.3}% 19
\BOOKMARK [3][-]{subsubsection.3.0.2}{Procedure}{subsubsection.3.0.1}% 20
\BOOKMARK [3][-]{subsubsection.3.0.3}{Triggers}{subsubsection.3.0.1}% 21
\BOOKMARK [3][-]{subsubsection.3.0.4}{Viste}{subsubsection.3.0.1}% 22
\BOOKMARK [3][-]{subsubsection.3.0.5}{Query}{subsubsection.3.0.1}% 23
\BOOKMARK [3][-]{subsubsection.3.0.6}{Codice PHP}{subsubsection.3.0.1}% 24
\BOOKMARK [1][-]{section.4}{Note Finali}{}% 25
